<?xml version="1.0" encoding="UTF-8"?>
<testng-results ignored="3" total="4" passed="1" failed="0" skipped="0">
  <reporter-output>
  </reporter-output>
  <suite started-at="2023-03-07T10:59:10 IST" name="Default suite" finished-at="2023-03-07T10:59:38 IST" duration-ms="28003">
    <groups>
    </groups>
    <test started-at="2023-03-07T10:59:10 IST" name="Default test" finished-at="2023-03-07T10:59:38 IST" duration-ms="28003">
      <class name="com.bridgelabz.qa.test.ActionClass_Mouse_And_Keyboard_Operations">
        <test-method is-config="true" signature="setup(java.lang.String)[pri:0, instance:com.bridgelabz.qa.test.ActionClass_Mouse_And_Keyboard_Operations@10e92f8f]" started-at="2023-03-07T10:59:10 IST" name="setup" finished-at="2023-03-07T10:59:20 IST" duration-ms="9275" status="PASS">
          <params>
            <param index="0">
              <value>
                <![CDATA[chrome]]>
              </value>
            </param>
          </params>
          <reporter-output>
          </reporter-output>
        </test-method> <!-- setup -->
        <test-method signature="change_whatsapp_profile()[pri:0, instance:com.bridgelabz.qa.test.ActionClass_Mouse_And_Keyboard_Operations@10e92f8f]" started-at="2023-03-07T10:59:20 IST" name="change_whatsapp_profile" finished-at="2023-03-07T10:59:38 IST" duration-ms="18462" status="PASS">
          <reporter-output>
          </reporter-output>
        </test-method> <!-- change_whatsapp_profile -->
        <test-method is-config="true" signature="tearDown()[pri:0, instance:com.bridgelabz.qa.test.ActionClass_Mouse_And_Keyboard_Operations@10e92f8f]" started-at="2023-03-07T10:59:38 IST" name="tearDown" finished-at="2023-03-07T10:59:38 IST" duration-ms="232" status="PASS">
          <reporter-output>
          </reporter-output>
        </test-method> <!-- tearDown -->
      </class> <!-- com.bridgelabz.qa.test.ActionClass_Mouse_And_Keyboard_Operations -->
    </test> <!-- Default test -->
  </suite> <!-- Default suite -->
</testng-results>
