<?xml version="1.0" encoding="UTF-8"?>
<!-- Generated by org.testng.reporters.JUnitXMLReporter -->
<testsuite ignored="0" hostname="Atuls-MacBook-Air.local" failures="1" tests="1" name="Browser safari" time="7.147" errors="0" timestamp="2023-03-04T12:53:03 IST">
  <testcase classname="com.bridgelabz.qa.test.Launch_WebinarScreen" name="webinarScreen" time="5.865">
    <failure type="org.openqa.selenium.WebDriverException" message="Build info: version: &amp;apos;4.5.0&amp;apos;, revision: &amp;apos;fe167b119a&amp;apos;
System info: os.name: &amp;apos;Mac OS X&amp;apos;, os.arch: &amp;apos;x86_64&amp;apos;, os.version: &amp;apos;11.5.2&amp;apos;, java.version: &amp;apos;17.0.2&amp;apos;
Driver info: org.openqa.selenium.safari.SafariDriver
Command: [F98144CB-EF7C-4BBA-953D-7CC628C2CFC3, clickElement {id=node-E3E0971A-253B-4E4F-9357-256965F30ACD}]
Capabilities {acceptInsecureCerts: false, browserName: Safari, browserVersion: 14.1.2, platformName: MAC, safari:automaticInspection: false, safari:automaticProfiling: false, safari:diagnose: false, safari:platformBuildVersion: 20G95, safari:platformVersion: 11.5.2, safari:useSimulator: false, setWindowRect: true, strictFileInteractability: false, webkit:WebRTC: {DisableICECandidateFiltering: false, DisableInsecureMediaCapture: false}}
Element: [[SafariDriver: Safari on MAC (F98144CB-EF7C-4BBA-953D-7CC628C2CFC3)] -&amp;gt; id: deftdegree]
Session ID: F98144CB-EF7C-4BBA-953D-7CC628C2CFC3">
      <![CDATA[org.openqa.selenium.WebDriverException: Build info: version: '4.5.0', revision: 'fe167b119a'
System info: os.name: 'Mac OS X', os.arch: 'x86_64', os.version: '11.5.2', java.version: '17.0.2'
Driver info: org.openqa.selenium.safari.SafariDriver
Command: [F98144CB-EF7C-4BBA-953D-7CC628C2CFC3, clickElement {id=node-E3E0971A-253B-4E4F-9357-256965F30ACD}]
Capabilities {acceptInsecureCerts: false, browserName: Safari, browserVersion: 14.1.2, platformName: MAC, safari:automaticInspection: false, safari:automaticProfiling: false, safari:diagnose: false, safari:platformBuildVersion: 20G95, safari:platformVersion: 11.5.2, safari:useSimulator: false, setWindowRect: true, strictFileInteractability: false, webkit:WebRTC: {DisableICECandidateFiltering: false, DisableInsecureMediaCapture: false}}
Element: [[SafariDriver: Safari on MAC (F98144CB-EF7C-4BBA-953D-7CC628C2CFC3)] -> id: deftdegree]
Session ID: F98144CB-EF7C-4BBA-953D-7CC628C2CFC3
at org.openqa.selenium.remote.codec.w3c.W3CHttpResponseCodec.createException(W3CHttpResponseCodec.java:200)
at org.openqa.selenium.remote.codec.w3c.W3CHttpResponseCodec.decode(W3CHttpResponseCodec.java:133)
at org.openqa.selenium.remote.codec.w3c.W3CHttpResponseCodec.decode(W3CHttpResponseCodec.java:53)
at org.openqa.selenium.remote.HttpCommandExecutor.execute(HttpCommandExecutor.java:184)
at org.openqa.selenium.remote.service.DriverCommandExecutor.invokeExecute(DriverCommandExecutor.java:167)
at org.openqa.selenium.remote.service.DriverCommandExecutor.execute(DriverCommandExecutor.java:142)
at org.openqa.selenium.remote.RemoteWebDriver.execute(RemoteWebDriver.java:547)
at org.openqa.selenium.remote.RemoteWebElement.execute(RemoteWebElement.java:257)
at org.openqa.selenium.remote.RemoteWebElement.click(RemoteWebElement.java:78)
at com.bridgelabz.qa.test.Launch_WebinarScreen.webinarScreen(Launch_WebinarScreen.java:64)
at java.base/java.util.concurrent.ThreadPoolExecutor.runWorker(ThreadPoolExecutor.java:1136)
at java.base/java.util.concurrent.ThreadPoolExecutor$Worker.run(ThreadPoolExecutor.java:635)
at java.base/java.lang.Thread.run(Thread.java:833)
... Removed 17 stack frames]]>
    </failure>
  </testcase> <!-- webinarScreen -->
</testsuite> <!-- Browser safari -->
