<?xml version="1.0" encoding="UTF-8"?>
<!-- Generated by org.testng.reporters.JUnitXMLReporter -->
<testsuite ignored="3" hostname="Atuls-MacBook-Air.local" failures="0" tests="1" name="Default test" time="28.003" errors="0" timestamp="2023-03-07T10:59:43 IST">
  <testcase classname="com.bridgelabz.qa.test.ActionClass_Mouse_And_Keyboard_Operations" name="change_whatsapp_profile" time="18.462"/>
  <testcase classname="com.bridgelabz.qa.test.ActionClass_Mouse_And_Keyboard_Operations" name="keyBoard_Operations" time="0.0">
    <ignored/>
  </testcase> <!-- keyBoard_Operations -->
  <testcase classname="com.bridgelabz.qa.test.ActionClass_Mouse_And_Keyboard_Operations" name="mouse_Operations_On_FB" time="0.0">
    <ignored/>
  </testcase> <!-- mouse_Operations_On_FB -->
  <testcase classname="com.bridgelabz.qa.test.ActionClass_Mouse_And_Keyboard_Operations" name="mouse_Operation" time="0.0">
    <ignored/>
  </testcase> <!-- mouse_Operation -->
</testsuite> <!-- Default test -->
